CREATE DATABASE IF NOT EXISTS todo;

SHOW DATABASES; 

+--------------------+
| Database           |
+--------------------+
| information_schema |
| mysql              |
| performance_schema |
| phpmyadmin         |
| recordings         |
| test               |
| todo               |
+--------------------+

USE todo;

CREATE TABLE IF NOT EXISTS user (
    id INT AUTO_INCREMENT PRIMARY KEY NOT NULL,
    username VARCHAR(128) UNIQUE NOT NULL,
    password VARCHAR(255) NOT NULL,
    is_admin BOOL NOT NULL
);

CREATE TABLE IF NOT EXISTS task (
    id INT AUTO_INCREMENT PRIMARY KEY NOT NULL,
    title VARCHAR(255) NOT NULL,
    description TEXT NOT NULL,
    user_id INT NOT NULL,
    FOREIGN KEY (user_id) REFERENCES user(id)
);